<?xml version="1.0" encoding="UTF-8"?>
<testsuite name="RestaurantTest" tests="1" skipped="0" failures="0" errors="0" timestamp="2015-08-26T17:27:42" hostname="epicodus-108.local" time="0.101">
  <properties/>
  <testcase name="all_emptyAtFirst" classname="RestaurantTest" time="0.101"/>
  <system-out><![CDATA[]]></system-out>
  <system-err><![CDATA[]]></system-err>
</testsuite>
