<?xml version="1.0" encoding="UTF-8"?>
<testsuite name="RestaurantTest" tests="4" skipped="0" failures="0" errors="0" timestamp="2015-08-26T17:54:36" hostname="epicodus-108.local" time="0.159">
  <properties/>
  <testcase name="equals_returnsTrueIfNamesAretheSame" classname="RestaurantTest" time="0.082"/>
  <testcase name="save_returnsTrueIfNamesAretheSame" classname="RestaurantTest" time="0.043"/>
  <testcase name="all_emptyAtFirst" classname="RestaurantTest" time="0.013"/>
  <testcase name="save_assignsIdToObject" classname="RestaurantTest" time="0.02"/>
  <system-out><![CDATA[]]></system-out>
  <system-err><![CDATA[]]></system-err>
</testsuite>
